<?xml version="1.0" encoding="UTF-8"?>
<!-- Generated by org.testng.reporters.JUnitXMLReporter -->
<testsuite ignored="4" hostname="TY-Suchitra" failures="2" tests="8" name="Test" time="38.03" errors="0" timestamp="2024-10-17T12:42:07 IST">
  <testcase classname="script.Demo1" name="testA" time="0.028"/>
  <testcase classname="script.Demo2" name="testB" time="0.025">
    <failure type="java.lang.AssertionError" message="null">
      <![CDATA[java.lang.AssertionError: null
at script.Demo2.testB(Demo2.java:15)
at java.base/java.util.ArrayList.forEach(ArrayList.java:1511)
... Removed 29 stack frames]]>
    </failure>
  </testcase> <!-- testB -->
  <testcase classname="script.Demo3" name="testC" time="0.014"/>
  <testcase classname="script.Demo4" name="createUser" time="0.002"/>
  <testcase classname="script.DemoX" name="createUser" time="0.001"/>
  <testcase classname="script.DemoX" name="deleteUser" time="0.002"/>
  <testcase classname="script.DemoY" name="createUser" time="0.004"/>
  <testcase classname="script.DemoY" name="deleteUser" time="0.002">
    <failure type="java.lang.AssertionError" message="null">
      <![CDATA[java.lang.AssertionError: null
at script.DemoY.deleteUser(DemoY.java:30)
at java.base/java.util.ArrayList.forEach(ArrayList.java:1511)
... Removed 29 stack frames]]>
    </failure>
  </testcase> <!-- deleteUser -->
  <testcase classname="generic.BaseTest" name="@BeforeSuite initReport" time="0.0">
    <ignored/>
  </testcase> <!-- @BeforeSuite initReport -->
  <testcase classname="generic.BaseTest" name="@AfterSuite generateReport" time="0.0">
    <ignored/>
  </testcase> <!-- @AfterSuite generateReport -->
  <testcase classname="generic.BaseTest" name="@AfterSuite generateReport" time="0.0">
    <ignored/>
  </testcase> <!-- @AfterSuite generateReport -->
  <testcase classname="generic.BaseTest" name="@BeforeSuite initReport" time="0.0">
    <ignored/>
  </testcase> <!-- @BeforeSuite initReport -->
</testsuite> <!-- Test -->
