<?xml version="1.0" encoding="UTF-8"?>
<testng-results ignored="0" total="1" passed="1" failed="0" skipped="0">
  <reporter-output>
    <line>
      <![CDATA[Err Msg is Displayed]]>
    </line>
  </reporter-output>
  <suite started-at="2024-10-23T11:48:55 IST" name="Default suite" finished-at="2024-10-23T11:49:18 IST" duration-ms="22906">
    <groups>
    </groups>
    <test started-at="2024-10-23T11:48:55 IST" name="Default test" finished-at="2024-10-23T11:49:18 IST" duration-ms="22906">
      <class name="script.InvalidLogin">
        <test-method is-config="true" signature="initReport()[pri:0, instance:script.InvalidLogin@23348b5d]" started-at="2024-10-23T11:48:54 IST" name="initReport" finished-at="2024-10-23T11:48:55 IST" duration-ms="384" status="PASS">
          <reporter-output>
          </reporter-output>
        </test-method> <!-- initReport -->
        <test-method is-config="true" signature="preCondition(java.lang.reflect.Method,java.lang.String)[pri:0, instance:script.InvalidLogin@23348b5d]" started-at="2024-10-23T11:48:55 IST" name="preCondition" finished-at="2024-10-23T11:49:09 IST" duration-ms="14139" status="PASS">
          <params>
            <param index="0">
              <value>
                <![CDATA[public void script.InvalidLogin.invalidLogin()]]>
              </value>
            </param>
            <param index="1">
              <value>
                <![CDATA[./config.properties]]>
              </value>
            </param>
          </params>
          <reporter-output>
          </reporter-output>
        </test-method> <!-- preCondition -->
        <test-method signature="invalidLogin()[pri:0, instance:script.InvalidLogin@23348b5d]" started-at="2024-10-23T11:49:09 IST" name="invalidLogin" finished-at="2024-10-23T11:49:12 IST" duration-ms="2996" status="PASS">
          <reporter-output>
            <line>
              <![CDATA[Err Msg is Displayed]]>
            </line>
          </reporter-output>
        </test-method> <!-- invalidLogin -->
        <test-method is-config="true" signature="postCondition(org.testng.ITestResult)[pri:0, instance:script.InvalidLogin@23348b5d]" started-at="2024-10-23T11:49:12 IST" name="postCondition" finished-at="2024-10-23T11:49:18 IST" duration-ms="5707" status="PASS">
          <params>
            <param index="0">
              <value>
                <![CDATA[[TestResult name=invalidLogin status=SUCCESS method=InvalidLogin.invalidLogin()[pri:0, instance:script.InvalidLogin@23348b5d] output=Err Msg is Displayed]]]>
              </value>
            </param>
          </params>
          <reporter-output>
          </reporter-output>
        </test-method> <!-- postCondition -->
        <test-method is-config="true" signature="generateReport()[pri:0, instance:script.InvalidLogin@23348b5d]" started-at="2024-10-23T11:49:18 IST" name="generateReport" finished-at="2024-10-23T11:49:18 IST" duration-ms="719" status="PASS">
          <reporter-output>
          </reporter-output>
        </test-method> <!-- generateReport -->
      </class> <!-- script.InvalidLogin -->
    </test> <!-- Default test -->
  </suite> <!-- Default suite -->
</testng-results>
